{
  "RSpec": {
    "coverage": {
      "/Users/rahulshah/Documents/Fall 2022/CSCE 606/shockwave_kickers/app/models/course.rb": {
        "lines": [
          1,
          null
        ]
      },
      "/Users/rahulshah/Documents/Fall 2022/CSCE 606/shockwave_kickers/app/models/application_record.rb": {
        "lines": [
          1,
          1,
          null
        ]
      },
      "/Users/rahulshah/Documents/Fall 2022/CSCE 606/shockwave_kickers/app/models/semester.rb": {
        "lines": [
          1,
          null
        ]
      },
      "/Users/rahulshah/Documents/Fall 2022/CSCE 606/shockwave_kickers/app/models/student.rb": {
        "lines": [
          1,
          null
        ]
      },
      "/Users/rahulshah/Documents/Fall 2022/CSCE 606/shockwave_kickers/app/controllers/courses_controller.rb": {
        "lines": [
          1,
          1,
          null,
          null,
          1,
          1,
          null,
          null,
          null,
          1,
          null,
          null,
          null,
          1,
          1,
          null,
          null,
          null,
          1,
          null,
          null,
          null,
          1,
          1,
          null,
          1,
          1,
          2,
          1,
          null,
          0,
          0,
          null,
          null,
          null,
          null,
          null,
          1,
          1,
          1,
          2,
          1,
          null,
          0,
          0,
          null,
          null,
          null,
          null,
          null,
          1,
          1,
          null,
          1,
          2,
          1,
          null,
          null,
          null,
          1,
          null,
          1,
          4,
          null,
          null,
          null,
          1,
          2,
          null,
          null
        ]
      },
      "/Users/rahulshah/Documents/Fall 2022/CSCE 606/shockwave_kickers/app/controllers/application_controller.rb": {
        "lines": [
          1,
          null
        ]
      },
      "/Users/rahulshah/Documents/Fall 2022/CSCE 606/shockwave_kickers/app/helpers/application_helper.rb": {
        "lines": [
          1,
          null
        ]
      },
      "/Users/rahulshah/Documents/Fall 2022/CSCE 606/shockwave_kickers/app/helpers/courses_helper.rb": {
        "lines": [
          1,
          null
        ]
      },
      "/Users/rahulshah/Documents/Fall 2022/CSCE 606/shockwave_kickers/app/helpers/semesters_helper.rb": {
        "lines": [
          1,
          null
        ]
      },
      "/Users/rahulshah/Documents/Fall 2022/CSCE 606/shockwave_kickers/app/helpers/students_helper.rb": {
        "lines": [
          1,
          null
        ]
      },
      "/Users/rahulshah/Documents/Fall 2022/CSCE 606/shockwave_kickers/app/controllers/semesters_controller.rb": {
        "lines": [
          1,
          null,
          1,
          1,
          null,
          null,
          1,
          1,
          null,
          null,
          1,
          1,
          1,
          null,
          null,
          1,
          1,
          null,
          null,
          1,
          1,
          0,
          0,
          null,
          null,
          null,
          1,
          1,
          1,
          1,
          0,
          0,
          null,
          0,
          0,
          null,
          null,
          null,
          null,
          1,
          1,
          1,
          1,
          null,
          null
        ]
      },
      "/Users/rahulshah/Documents/Fall 2022/CSCE 606/shockwave_kickers/app/controllers/students_controller.rb": {
        "lines": [
          1,
          1,
          null,
          1,
          1,
          null,
          null,
          null,
          1,
          null,
          null,
          null,
          1,
          null,
          null,
          null,
          1,
          1,
          null,
          null,
          null,
          1,
          1,
          1,
          1,
          2,
          1,
          null,
          0,
          0,
          null,
          null,
          null,
          null,
          null,
          1,
          1,
          1,
          1,
          2,
          1,
          null,
          0,
          0,
          null,
          null,
          null,
          null,
          1,
          1,
          1,
          1,
          null,
          null,
          1,
          null,
          1,
          4,
          null,
          null,
          null
        ]
      },
      "/Users/rahulshah/Documents/Fall 2022/CSCE 606/shockwave_kickers/app/channels/application_cable/channel.rb": {
        "lines": [
          0,
          0,
          0,
          0
        ],
        "branches": {
        }
      },
      "/Users/rahulshah/Documents/Fall 2022/CSCE 606/shockwave_kickers/app/channels/application_cable/connection.rb": {
        "lines": [
          0,
          0,
          0,
          0
        ],
        "branches": {
        }
      },
      "/Users/rahulshah/Documents/Fall 2022/CSCE 606/shockwave_kickers/app/jobs/application_job.rb": {
        "lines": [
          0,
          null,
          null,
          null,
          null,
          null,
          0
        ],
        "branches": {
        }
      },
      "/Users/rahulshah/Documents/Fall 2022/CSCE 606/shockwave_kickers/app/mailers/application_mailer.rb": {
        "lines": [
          0,
          0,
          0,
          0
        ],
        "branches": {
        }
      }
    },
    "timestamp": 1665169145
  }
}
